<?xml version="1.0" encoding="UTF-8"?>
<!-- Generated by org.testng.reporters.JUnitReportReporter -->
<testsuite hostname="DESKTOP-SJCS4HH" failures="0" tests="1" name="test.SimpleTest" time="0.052" errors="0" timestamp="2022-04-22T16:19:32 IST" skipped="0">
  <testcase classname="test.SimpleTest" name="testTitle" time="0.052"/>
  <system-out/>
</testsuite> <!-- test.SimpleTest -->
